<?xml version="1.0" encoding="UTF-8"?>
<testsuite xmlns:xsi="http://www.w3.org/2001/XMLSchema-instance" xsi:noNamespaceSchemaLocation="https://maven.apache.org/surefire/maven-surefire-plugin/xsd/surefire-test-report.xsd" version="3.0.2" name="monitor.lab.cana_fire.CanaFireApplicationTests" time="9.058" tests="6" errors="0" skipped="0" failures="0">
  <properties>
[...]
</properties>
  <testcase name="testParseCsvWithoutHeader" classname="monitor.lab.cana_fire.CanaFireApplicationTests" time="0.387">
    <system-out><![CDATA[20:55:03.010 [main] INFO org.springframework.test.context.support.AnnotationConfigContextLoaderUtils -- Could not detect default configuration classes for test class [monitor.lab.cana_fire.CanaFireApplicationTests]: CanaFireApplicationTests does not declare any static, non-private, non-final, nested classes annotated with @Configuration.
20:55:03.206 [main] INFO org.springframework.boot.test.context.SpringBootTestContextBootstrapper -- Found @SpringBootConfiguration monitor.lab.cana_fire.CanaFireApplication for test class monitor.lab.cana_fire.CanaFireApplicationTests

  .   ____          _            __ _ _
 /\\ / ___'_ __ _ _(_)_ __  __ _ \ \ \ \
( ( )\___ | '_ | '_| | '_ \/ _` | \ \ \ \
 \\/  ___)| |_)| | | | | || (_| |  ) ) ) )
  '  |____| .__|_| |_|_| |_\__, | / / / /
 =========|_|==============|___/=/_/_/_/

 :: Spring Boot ::                (v3.5.4)

2025-09-10T20:55:04.049-03:00  INFO 11044 --- [cana-fire] [           main] m.l.cana_fire.CanaFireApplicationTests   : Starting CanaFireApplicationTests using Java 17.0.12 with PID 11044 (started by Pichau in C:\Users\Pichau\Desktop\ESTUDOS\PROJECT\lab-cana-fire-hom)
2025-09-10T20:55:04.051-03:00  INFO 11044 --- [cana-fire] [           main] m.l.cana_fire.CanaFireApplicationTests   : No active profile set, falling back to 1 default profile: "default"
2025-09-10T20:55:04.970-03:00  INFO 11044 --- [cana-fire] [           main] .s.d.r.c.RepositoryConfigurationDelegate : Bootstrapping Spring Data JPA repositories in DEFAULT mode.
2025-09-10T20:55:05.189-03:00  INFO 11044 --- [cana-fire] [           main] .s.d.r.c.RepositoryConfigurationDelegate : Finished Spring Data repository scanning in 206 ms. Found 1 JPA repository interface.
2025-09-10T20:55:05.886-03:00  INFO 11044 --- [cana-fire] [           main] o.hibernate.jpa.internal.util.LogHelper  : HHH000204: Processing PersistenceUnitInfo [name: default]
2025-09-10T20:55:05.993-03:00  INFO 11044 --- [cana-fire] [           main] org.hibernate.Version                    : HHH000412: Hibernate ORM core version 6.6.22.Final
2025-09-10T20:55:06.062-03:00  INFO 11044 --- [cana-fire] [           main] o.h.c.internal.RegionFactoryInitiator    : HHH000026: Second-level cache disabled
2025-09-10T20:55:06.637-03:00  INFO 11044 --- [cana-fire] [           main] o.s.o.j.p.SpringPersistenceUnitInfo      : No LoadTimeWeaver setup: ignoring JPA class transformer
2025-09-10T20:55:06.689-03:00  INFO 11044 --- [cana-fire] [           main] com.zaxxer.hikari.HikariDataSource       : HikariPool-1 - Starting...
2025-09-10T20:55:07.093-03:00  INFO 11044 --- [cana-fire] [           main] com.zaxxer.hikari.pool.HikariPool        : HikariPool-1 - Added connection conn0: url=jdbc:h2:mem:cana-fire user=SA
2025-09-10T20:55:07.095-03:00  INFO 11044 --- [cana-fire] [           main] com.zaxxer.hikari.HikariDataSource       : HikariPool-1 - Start completed.
2025-09-10T20:55:07.144-03:00  WARN 11044 --- [cana-fire] [           main] org.hibernate.orm.deprecation            : HHH90000025: H2Dialect does not need to be specified explicitly using 'hibernate.dialect' (remove the property setting and it will be selected by default)
2025-09-10T20:55:07.186-03:00  INFO 11044 --- [cana-fire] [           main] org.hibernate.orm.connections.pooling    : HHH10001005: Database info:
	Database JDBC URL [Connecting through datasource 'HikariDataSource (HikariPool-1)']
	Database driver: undefined/unknown
	Database version: 2.3.232
	Autocommit mode: undefined/unknown
	Isolation level: undefined/unknown
	Minimum pool size: undefined/unknown
	Maximum pool size: undefined/unknown
2025-09-10T20:55:08.429-03:00  INFO 11044 --- [cana-fire] [           main] o.h.e.t.j.p.i.JtaPlatformInitiator       : HHH000489: No JTA platform available (set 'hibernate.transaction.jta.platform' to enable JTA platform integration)
2025-09-10T20:55:08.515-03:00  INFO 11044 --- [cana-fire] [           main] j.LocalContainerEntityManagerFactoryBean : Initialized JPA EntityManagerFactory for persistence unit 'default'
2025-09-10T20:55:09.612-03:00  WARN 11044 --- [cana-fire] [           main] JpaBaseConfiguration$JpaWebConfiguration : spring.jpa.open-in-view is enabled by default. Therefore, database queries may be performed during view rendering. Explicitly configure spring.jpa.open-in-view to disable this warning
2025-09-10T20:55:10.019-03:00  INFO 11044 --- [cana-fire] [           main] o.s.b.a.h2.H2ConsoleAutoConfiguration    : H2 console available at '/h2-console'. Database available at 'jdbc:h2:mem:cana-fire'
2025-09-10T20:55:10.134-03:00  INFO 11044 --- [cana-fire] [           main] m.l.cana_fire.CanaFireApplicationTests   : Started CanaFireApplicationTests in 6.631 seconds (process running for 13.429)
2025-09-10T20:55:11.138-03:00  INFO 11044 --- [cana-fire] [   scheduling-1] m.l.c.ingestion.HotspotDownloader        : https://dataserver-coids.inpe.br/queimadas/queimadas/focos/csv/10min/focos_10min_20250910_2350.csv
]]></system-out>
  </testcase>
  <testcase name="testAlertControllerLastest" classname="monitor.lab.cana_fire.CanaFireApplicationTests" time="0.071"/>
  <testcase name="testAlertServiceCreateAlert" classname="monitor.lab.cana_fire.CanaFireApplicationTests" time="0.146"/>
  <testcase name="testHotspotParserHeader" classname="monitor.lab.cana_fire.CanaFireApplicationTests" time="0.015"/>
  <testcase name="testHotspotServiceHandle" classname="monitor.lab.cana_fire.CanaFireApplicationTests" time="0.061"/>
  <testcase name="testUiControllerAddAttribute" classname="monitor.lab.cana_fire.CanaFireApplicationTests" time="0.062"/>
</testsuite>